<?xml version="1.0" encoding="UTF-8"?>
<!-- Generated by org.testng.reporters.JUnitReportReporter -->
<testsuite hostname="DESKTOP-DCLC66P" failures="0" tests="5" name="TestCases.ApplyJob" time="72.028" errors="0" timestamp="2024-06-21T23:43:34 IST" skipped="0">
  <testcase classname="TestCases.ApplyJob" name="login" time="11.085"/>
  <testcase classname="TestCases.ApplyJob" name="udateResume" time="46.293"/>
  <testcase classname="TestCases.ApplyJob" name="updateSummery" time="6.050"/>
  <testcase classname="TestCases.ApplyJob" name="updateSkills" time="3.033"/>
  <testcase classname="TestCases.ApplyJob" name="logout" time="5.567"/>
</testsuite> <!-- TestCases.ApplyJob -->
