<?xml version="1.0" encoding="UTF-8"?>
<!-- Generated by org.testng.reporters.JUnitReportReporter -->
<testsuite hostname="DESKTOP-DCLC66P" failures="0" tests="10" name="TestCases.ApplyJob" time="116.270" errors="0" timestamp="2024-07-20T22:42:52 IST" skipped="0">
  <testcase classname="TestCases.ApplyJob" name="login" time="6.434"/>
  <testcase classname="TestCases.ApplyJob" name="login" time="7.763"/>
  <testcase classname="TestCases.ApplyJob" name="udateResume" time="43.236"/>
  <testcase classname="TestCases.ApplyJob" name="udateResume" time="44.351"/>
  <testcase classname="TestCases.ApplyJob" name="updateSummery" time="3.681"/>
  <testcase classname="TestCases.ApplyJob" name="updateSummery" time="5.078"/>
  <testcase classname="TestCases.ApplyJob" name="updateSkills" time="2.563"/>
  <testcase classname="TestCases.ApplyJob" name="updateSkills" time="2.135"/>
  <testcase classname="TestCases.ApplyJob" name="logout" time="0.454"/>
  <testcase classname="TestCases.ApplyJob" name="logout" time="0.575"/>
</testsuite> <!-- TestCases.ApplyJob -->
