<?xml version="1.0" encoding="UTF-8"?>
<!-- Generated by org.testng.reporters.JUnitReportReporter -->
<testsuite hostname="DESKTOP-DCLC66P" failures="0" tests="1" name="ApplyJob" time="3.302" errors="0" timestamp="2024-06-21T00:57:02 IST" skipped="0">
  <testcase classname="ApplyJob" name="updateSkills" time="3.302"/>
</testsuite> <!-- ApplyJob -->
