<?xml version="1.0" encoding="UTF-8"?>
<!-- Generated by org.testng.reporters.JUnitReportReporter -->
<testsuite hostname="DESKTOP-DCLC66P" failures="0" tests="8" name="TestCases.ApplyJob" time="59.528" errors="0" timestamp="2024-06-23T17:13:17 IST" skipped="0">
  <testcase classname="TestCases.ApplyJob" name="login" time="16.138"/>
  <testcase classname="TestCases.ApplyJob" name="login" time="14.178"/>
  <testcase classname="TestCases.ApplyJob" name="updateSummery" time="9.986"/>
  <testcase classname="TestCases.ApplyJob" name="updateSummery" time="8.260"/>
  <testcase classname="TestCases.ApplyJob" name="updateSkills" time="4.029"/>
  <testcase classname="TestCases.ApplyJob" name="updateSkills" time="5.460"/>
  <testcase classname="TestCases.ApplyJob" name="logout" time="0.526"/>
  <testcase classname="TestCases.ApplyJob" name="logout" time="0.951"/>
</testsuite> <!-- TestCases.ApplyJob -->
