<?xml version="1.0" encoding="UTF-8"?>
<!-- Generated by org.testng.reporters.JUnitReportReporter -->
<testsuite hostname="DESKTOP-DCLC66P" failures="0" tests="1" name="ApplyJob" time="42.285" errors="0" timestamp="2024-06-19T00:25:49 IST" skipped="0">
  <testcase classname="ApplyJob" name="udateResume" time="42.285"/>
</testsuite> <!-- ApplyJob -->
