<?xml version="1.0" encoding="UTF-8"?>
<!-- Generated by org.testng.reporters.JUnitReportReporter -->
<testsuite hostname="DESKTOP-DCLC66P" failures="0" tests="8" name="TestCases.ApplyJob" time="70.815" errors="0" timestamp="2024-06-24T22:05:37 IST" skipped="0">
  <testcase classname="TestCases.ApplyJob" name="login" time="21.538"/>
  <testcase classname="TestCases.ApplyJob" name="login" time="22.690"/>
  <testcase classname="TestCases.ApplyJob" name="updateSummery" time="9.445"/>
  <testcase classname="TestCases.ApplyJob" name="updateSummery" time="8.862"/>
  <testcase classname="TestCases.ApplyJob" name="updateSkills" time="3.495"/>
  <testcase classname="TestCases.ApplyJob" name="updateSkills" time="3.642"/>
  <testcase classname="TestCases.ApplyJob" name="logout" time="0.688"/>
  <testcase classname="TestCases.ApplyJob" name="logout" time="0.455"/>
</testsuite> <!-- TestCases.ApplyJob -->
