<?xml version="1.0" encoding="UTF-8"?>
<!-- Generated by org.testng.reporters.JUnitReportReporter -->
<testsuite hostname="DESKTOP-DCLC66P" failures="0" tests="1" name="ApplyJob" time="43.672" errors="0" timestamp="2024-06-17T23:23:27 IST" skipped="0">
  <testcase classname="ApplyJob" name="udateResume" time="43.672"/>
</testsuite> <!-- ApplyJob -->
