<?xml version="1.0" encoding="UTF-8"?>
<!-- Generated by org.testng.reporters.JUnitReportReporter -->
<testsuite hostname="DESKTOP-DCLC66P" failures="0" tests="5" name="TestCases.ApplyJob" time="56.131" errors="0" timestamp="2024-06-22T22:36:52 IST" skipped="0">
  <testcase classname="TestCases.ApplyJob" name="login" time="7.966"/>
  <testcase classname="TestCases.ApplyJob" name="udateResume" time="42.623"/>
  <testcase classname="TestCases.ApplyJob" name="updateSummery" time="3.160"/>
  <testcase classname="TestCases.ApplyJob" name="updateSkills" time="1.962"/>
  <testcase classname="TestCases.ApplyJob" name="logout" time="0.420"/>
</testsuite> <!-- TestCases.ApplyJob -->
