<?xml version="1.0" encoding="UTF-8"?>
<!-- Generated by org.testng.reporters.JUnitReportReporter -->
<testsuite hostname="DESKTOP-DCLC66P" failures="0" tests="3" name="ApplyJob" time="52.867" errors="0" timestamp="2024-06-21T18:33:15 IST" skipped="0">
  <testcase classname="ApplyJob" name="udateResume" time="43.378"/>
  <testcase classname="ApplyJob" name="updateSummery" time="6.313"/>
  <testcase classname="ApplyJob" name="updateSkills" time="3.176"/>
</testsuite> <!-- ApplyJob -->
