<?xml version="1.0" encoding="UTF-8"?>
<!-- Generated by org.testng.reporters.JUnitReportReporter -->
<testsuite hostname="DESKTOP-DCLC66P" failures="0" tests="8" name="TestCases.ApplyJob" time="52.898" errors="0" timestamp="2024-06-27T23:23:36 IST" skipped="0">
  <testcase classname="TestCases.ApplyJob" name="login" time="10.340"/>
  <testcase classname="TestCases.ApplyJob" name="login" time="22.001"/>
  <testcase classname="TestCases.ApplyJob" name="updateSummery" time="7.530"/>
  <testcase classname="TestCases.ApplyJob" name="updateSummery" time="5.798"/>
  <testcase classname="TestCases.ApplyJob" name="updateSkills" time="1.999"/>
  <testcase classname="TestCases.ApplyJob" name="updateSkills" time="4.239"/>
  <testcase classname="TestCases.ApplyJob" name="logout" time="0.509"/>
  <testcase classname="TestCases.ApplyJob" name="logout" time="0.482"/>
</testsuite> <!-- TestCases.ApplyJob -->
