<?xml version="1.0" encoding="UTF-8"?>
<!-- Generated by org.testng.reporters.JUnitReportReporter -->
<testsuite hostname="DESKTOP-DCLC66P" failures="0" tests="10" name="TestCases.ApplyJob" time="118.759" errors="0" timestamp="2024-07-01T21:56:34 IST" skipped="0">
  <testcase classname="TestCases.ApplyJob" name="login" time="10.179"/>
  <testcase classname="TestCases.ApplyJob" name="login" time="8.802"/>
  <testcase classname="TestCases.ApplyJob" name="udateResume" time="42.664"/>
  <testcase classname="TestCases.ApplyJob" name="udateResume" time="44.295"/>
  <testcase classname="TestCases.ApplyJob" name="updateSummery" time="3.343"/>
  <testcase classname="TestCases.ApplyJob" name="updateSummery" time="3.476"/>
  <testcase classname="TestCases.ApplyJob" name="updateSkills" time="2.430"/>
  <testcase classname="TestCases.ApplyJob" name="updateSkills" time="2.650"/>
  <testcase classname="TestCases.ApplyJob" name="logout" time="0.448"/>
  <testcase classname="TestCases.ApplyJob" name="logout" time="0.472"/>
</testsuite> <!-- TestCases.ApplyJob -->
