<?xml version="1.0" encoding="UTF-8"?>
<!-- Generated by org.testng.reporters.JUnitReportReporter -->
<testsuite hostname="DESKTOP-DCLC66P" failures="0" tests="8" name="TestCases.ApplyJob" time="97.292" errors="0" timestamp="2024-06-28T23:12:13 IST" skipped="0">
  <testcase classname="TestCases.ApplyJob" name="login" time="22.097"/>
  <testcase classname="TestCases.ApplyJob" name="login" time="13.755"/>
  <testcase classname="TestCases.ApplyJob" name="updateSummery" time="14.385"/>
  <testcase classname="TestCases.ApplyJob" name="updateSummery" time="15.849"/>
  <testcase classname="TestCases.ApplyJob" name="updateSkills" time="5.062"/>
  <testcase classname="TestCases.ApplyJob" name="updateSkills" time="6.220"/>
  <testcase classname="TestCases.ApplyJob" name="logout" time="12.361"/>
  <testcase classname="TestCases.ApplyJob" name="logout" time="7.563"/>
</testsuite> <!-- TestCases.ApplyJob -->
