<?xml version="1.0" encoding="UTF-8"?>
<!-- Generated by org.testng.reporters.JUnitReportReporter -->
<testsuite hostname="DESKTOP-DCLC66P" failures="0" tests="3" name="ApplyJob" time="48.568" errors="0" timestamp="2024-06-20T01:03:17 IST" skipped="0">
  <testcase classname="ApplyJob" name="udateResume" time="43.507"/>
  <testcase classname="ApplyJob" name="updateSummery" time="3.181"/>
  <testcase classname="ApplyJob" name="updateSkills" time="1.880"/>
</testsuite> <!-- ApplyJob -->
